<?xml version="1.0" encoding="UTF-8"?>
<testsuite name="PhoneBookTest" tests="1" skipped="0" failures="0" errors="0" timestamp="2022-05-16T00:16:35" hostname="Duz-MacBook-Pro.local" time="127.543">
  <properties/>
  <testcase name="start" classname="PhoneBookTest" time="127.543"/>
  <system-out><![CDATA[?[1;31m
Start test 1?[0m
Start searching (linear search)...
Found 500 / 500 entries. Time taken: 0 min. 8 sec. 158 ms.

Start searching (bubble sort + jump search)...
Found 500 / 500 entries. Time taken: 1 min. 29 sec. 739 ms.
Sorting time: 1 min. 21 sec. 581 ms. - STOPPED, moved to linear search
Searching time: 0 min. 8 sec. 158 ms.

Start searching (quick sort + binary search)...
Found 500 / 500 entries. Time taken: 0 min. 35 sec. 440 ms.
Sorting time: 0 min. 35 sec. 435 ms.
Searching time: 0 min. 0 sec. 5 ms.

Start searching (hash table)...
Found 500 / 500 entries. Time taken: 0 min. 0 sec. 687 ms.
Creating time: 0 min. 0 sec. 686 ms.
Searching time: 0 min. 0 sec. 1 ms.
]]></system-out>
  <system-err><![CDATA[]]></system-err>
</testsuite>
